<?xml version="1.0" encoding="UTF-8"?>
<!-- Generated by org.testng.reporters.JUnitReportReporter -->
<testsuite hostname="DESKTOP-05NMO44" failures="0" tests="2" name="com.tka.Testng.Testng" time="0.053" errors="0" timestamp="02 Jul 2023 03:22:06 GMT" skipped="0">
  <testcase classname="com.tka.Testng.Testng" name="signup1" time="0.045"/>
  <testcase classname="com.tka.Testng.Testng" name="signup2" time="0.008"/>
</testsuite> <!-- com.tka.Testng.Testng -->
