<?xml version="1.0" encoding="UTF-8"?>
<!-- Generated by org.testng.reporters.JUnitReportReporter -->
<testsuite hostname="DESKTOP-05NMO44" failures="0" tests="2" name="com.tka.selenium.BasicTest" time="0.034" errors="0" timestamp="21 Jun 2023 13:03:50 GMT" skipped="0">
  <testcase classname="com.tka.selenium.BasicTest" name="signup1" time="0.024"/>
  <testcase classname="com.tka.selenium.BasicTest" name="signup12" time="0.010"/>
</testsuite> <!-- com.tka.selenium.BasicTest -->
